FrontEnd/Login/app/build/intermediates/manifest_merge_blame_file/debug/manifest-merger-blame-debug-report.txt
1<?xml version="1.0" encoding="utf-8"?>
2<manifest xmlns:android="http://schemas.android.com/apk/res/android"
3    package="com.example.ezchat"
4    android:versionCode="1"
5    android:versionName="1.0" >
6
7    <uses-sdk
8        android:minSdkVersion="24"
8-->src/main/AndroidManifest.xml
9        android:targetSdkVersion="30" />
9-->src/main/AndroidManifest.xml
10
11    <uses-permission android:name="android.permission.INTERNET" />
11-->src/main/AndroidManifest.xml:5:5-67
11-->src/main/AndroidManifest.xml:5:22-64
12    <uses-permission android:name="android.permission.ACCESS_NETWORK_STATE" />
12-->src/main/AndroidManifest.xml:6:5-79
12-->src/main/AndroidManifest.xml:6:22-76
13    <uses-permission android:name="android.permission.WRITE_EXTERNAL_STORAGE" />
13-->src/main/AndroidManifest.xml:7:5-81
13-->src/main/AndroidManifest.xml:7:22-78
14    <uses-permission android:name="android.permission.READ_EXTERNAL_STORAGE" />
14-->src/main/AndroidManifest.xml:8:5-80
14-->src/main/AndroidManifest.xml:8:22-77
15    <uses-permission android:name="android.permission.WRITE_INTERNAL_STORAGE" />
15-->src/main/AndroidManifest.xml:9:5-81
15-->src/main/AndroidManifest.xml:9:22-78
16    <uses-permission android:name="android.permission.READ_INTERNAL_STORAGE" />
16-->src/main/AndroidManifest.xml:10:5-80
16-->src/main/AndroidManifest.xml:10:22-77
17    <uses-permission android:name="android.permission.READ_EXTERNAL_STORAGE" />
17-->src/main/AndroidManifest.xml:8:5-80
17-->src/main/AndroidManifest.xml:8:22-77
18    <uses-permission android:name="android.permission.CAMERA" />
18-->src/main/AndroidManifest.xml:12:5-65
18-->src/main/AndroidManifest.xml:12:22-62
19
20    <uses-feature android:name="android.hardware.camera" />
20-->src/main/AndroidManifest.xml:14:5-60
20-->src/main/AndroidManifest.xml:14:19-57
21
22    <uses-permission android:name="android.hardware.camera.autofocus" />
22-->src/main/AndroidManifest.xml:16:5-73
22-->src/main/AndroidManifest.xml:16:22-70
23    <uses-permission android:name="android.permission.FLASHLIGHT" />
23-->src/main/AndroidManifest.xml:17:5-69
23-->src/main/AndroidManifest.xml:17:22-66
24
25    <application
25-->src/main/AndroidManifest.xml:19:5-69:19
26        android:name="app.AppController"
26-->src/main/AndroidManifest.xml:20:9-41
27        android:allowBackup="true"
27-->src/main/AndroidManifest.xml:21:9-35
28        android:appComponentFactory="androidx.core.app.CoreComponentFactory"
28-->[androidx.core:core:1.5.0] AndroidManifest.xml:24:18-86
29        android:debuggable="true"
30        android:icon="@mipmap/ic_launcher"
30-->src/main/AndroidManifest.xml:22:9-43
31        android:label="@string/app_name"
31-->src/main/AndroidManifest.xml:23:9-41
32        android:networkSecurityConfig="@xml/network_security_config"
32-->src/main/AndroidManifest.xml:24:9-69
33        android:roundIcon="@mipmap/ic_launcher_round"
33-->src/main/AndroidManifest.xml:25:9-54
34        android:supportsRtl="true"
34-->src/main/AndroidManifest.xml:26:9-35
35        android:testOnly="true"
36        android:theme="@style/AppTheme" >
36-->src/main/AndroidManifest.xml:27:9-40
37        <uses-library
37-->src/main/AndroidManifest.xml:28:9-88
38            android:name="org.apache.http.legacy"
38-->src/main/AndroidManifest.xml:28:23-60
39            android:required="false" />
39-->src/main/AndroidManifest.xml:28:61-85
40
41        <activity android:name="com.example.ezchat.ui.activity.NewPostActivity" />
41-->src/main/AndroidManifest.xml:29:9-74
41-->src/main/AndroidManifest.xml:29:19-62
42        <activity android:name="com.example.ezchat.ui.activity.PhotoActivity" />
42-->src/main/AndroidManifest.xml:30:9-72
42-->src/main/AndroidManifest.xml:30:19-60
43        <activity
43-->src/main/AndroidManifest.xml:31:9-37:20
44            android:name="com.example.ezchat.ui.activity.LaunchActivity"
44-->src/main/AndroidManifest.xml:31:19-61
45            android:theme="@style/AppSplash" >
45-->src/main/AndroidManifest.xml:32:13-45
46            <intent-filter>
46-->src/main/AndroidManifest.xml:33:13-36:29
47                <action android:name="android.intent.action.MAIN" />
47-->src/main/AndroidManifest.xml:34:17-69
47-->src/main/AndroidManifest.xml:34:25-66
48
49                <category android:name="android.intent.category.LAUNCHER" />
49-->src/main/AndroidManifest.xml:35:17-77
49-->src/main/AndroidManifest.xml:35:27-74
50            </intent-filter>
51        </activity>
52
53        <uses-library
53-->src/main/AndroidManifest.xml:28:9-88
54            android:name="org.apache.http.legacy"
54-->src/main/AndroidManifest.xml:28:23-60
55            android:required="false" />
55-->src/main/AndroidManifest.xml:28:61-85
56
57        <activity
57-->src/main/AndroidManifest.xml:41:9-44:67
58            android:name="com.example.ezchat.ui.activity.GroupChatActivity"
58-->src/main/AndroidManifest.xml:42:13-58
59            android:label="Group Chat"
59-->src/main/AndroidManifest.xml:43:13-39
60            android:windowSoftInputMode="adjustPan|stateHidden" />
60-->src/main/AndroidManifest.xml:44:13-64
61        <activity
61-->src/main/AndroidManifest.xml:45:9-47:39
62            android:name="com.example.ezchat.ui.activity.MomentsActivity"
62-->src/main/AndroidManifest.xml:46:13-56
63            android:label="Moments" />
63-->src/main/AndroidManifest.xml:47:13-36
64        <activity android:name="com.example.ezchat.ui.activity.AcceptRequestActivity" />
64-->src/main/AndroidManifest.xml:48:9-71
64-->src/main/AndroidManifest.xml:48:19-68
65        <activity android:name="com.example.ezchat.ui.activity.SearchNewFriendsActivity" />
65-->src/main/AndroidManifest.xml:49:9-74
65-->src/main/AndroidManifest.xml:49:19-71
66        <activity android:name="com.example.ezchat.ui.activity.FriendsProfileActivity" />
66-->src/main/AndroidManifest.xml:50:9-72
66-->src/main/AndroidManifest.xml:50:19-69
67        <activity android:name="com.example.ezchat.ui.activity.FriendSearchActivity" />
67-->src/main/AndroidManifest.xml:51:9-70
67-->src/main/AndroidManifest.xml:51:19-67
68        <activity android:name="com.example.ezchat.ui.activity.SuccessSignUp" />
68-->src/main/AndroidManifest.xml:52:9-63
68-->src/main/AndroidManifest.xml:52:19-60
69
70        <meta-data
70-->src/main/AndroidManifest.xml:54:9-56:63
71            android:name="com.google.android.actions"
71-->src/main/AndroidManifest.xml:55:13-54
72            android:resource="@xml/network_security_config" />
72-->src/main/AndroidManifest.xml:56:13-60
73
74        <activity
74-->src/main/AndroidManifest.xml:57:9-59:48
75            android:name="com.example.ezchat.ui.activity.ChatActivity"
75-->src/main/AndroidManifest.xml:58:13-53
76            android:label="Chat with Friend" />
76-->src/main/AndroidManifest.xml:59:13-45
77        <activity android:name="com.example.ezchat.ui.activity.UserActivity" />
77-->src/main/AndroidManifest.xml:60:9-62
77-->src/main/AndroidManifest.xml:60:19-59
78        <activity android:name="com.example.ezchat.ui.activity.Pub_MainPage" />
78-->src/main/AndroidManifest.xml:61:9-62
78-->src/main/AndroidManifest.xml:61:19-59
79        <activity android:name="com.example.ezchat.ui.activity.RegisterActivity" />
79-->src/main/AndroidManifest.xml:62:9-66
79-->src/main/AndroidManifest.xml:62:19-63
80        <activity android:name="com.example.ezchat.ui.activity.Admin_MainPage" />
80-->src/main/AndroidManifest.xml:63:9-64
80-->src/main/AndroidManifest.xml:63:19-61
81        <activity
81-->src/main/AndroidManifest.xml:64:9-68:20
82            android:name="com.example.ezchat.ui.login.LoginActivity"
82-->src/main/AndroidManifest.xml:65:13-51
83            android:label="@string/app_name"
83-->src/main/AndroidManifest.xml:66:13-45
84            android:theme="@style/NoTitle" >
84-->src/main/AndroidManifest.xml:67:13-43
85        </activity>
86
87        <provider
87-->[androidx.lifecycle:lifecycle-process:2.2.0] AndroidManifest.xml:25:9-29:43
88            android:name="androidx.lifecycle.ProcessLifecycleOwnerInitializer"
88-->[androidx.lifecycle:lifecycle-process:2.2.0] AndroidManifest.xml:26:13-79
89            android:authorities="com.example.ezchat.lifecycle-process"
89-->[androidx.lifecycle:lifecycle-process:2.2.0] AndroidManifest.xml:27:13-69
90            android:exported="false"
90-->[androidx.lifecycle:lifecycle-process:2.2.0] AndroidManifest.xml:28:13-37
91            android:multiprocess="true" />
91-->[androidx.lifecycle:lifecycle-process:2.2.0] AndroidManifest.xml:29:13-40
92    </application>
93
94</manifest>